Directory is /home/songpengcheng/project/Tikhonov-PINNs/Dolfin-adjoint
This job runs on the following nodes: n0377
This job has allocated 2 cpu cores.
Problem: non-smooth
Time is Tue Apr 15 11:27:04 CST 2025
---------------------------------------------
Noise level: 0.01, Lambda: 1e-05
Calling FFC just-in-time (JIT) compiler, this may take some time.
Calling FFC just-in-time (JIT) compiler, this may take some time.
Calling FFC just-in-time (JIT) compiler, this may take some time.
Calling FFC just-in-time (JIT) compiler, this may take some time.
Calling FFC just-in-time (JIT) compiler, this may take some time.
Calling FFC just-in-time (JIT) compiler, this may take some time.
Calling FFC just-in-time (JIT) compiler, this may take some time.
Calling FFC just-in-time (JIT) compiler, this may take some time.
h(min):           4.419417e-03.
Error in state:   2.619142e+01.
Error in control: 1.599801e+00.
Results saved to ./DGnon-smooth/result_05_01/result.txt
Noise level: 0.1, Lambda: 1e-05
h(min):           4.419417e-03.
Error in state:   2.619144e+01.
Error in control: 1.600559e+00.
Results saved to ./DGnon-smooth/result_05_10/result.txt
Noise level: 0.2, Lambda: 1e-05
h(min):           4.419417e-03.
Error in state:   2.619152e+01.
Error in control: 1.598932e+00.
Results saved to ./DGnon-smooth/result_05_20/result.txt
Noise level: 0.5, Lambda: 1e-05
h(min):           4.419417e-03.
Error in state:   2.619201e+01.
Error in control: 1.544243e+00.
Results saved to ./DGnon-smooth/result_05_50/result.txt
Noise level: 0.01, Lambda: 1e-06
h(min):           4.419417e-03.
Error in state:   2.619142e+01.
Error in control: 1.599875e+00.
Results saved to ./DGnon-smooth/result_06_01/result.txt
Noise level: 0.1, Lambda: 1e-06
h(min):           4.419417e-03.
Error in state:   2.619144e+01.
Error in control: 1.600042e+00.
Results saved to ./DGnon-smooth/result_06_10/result.txt
Noise level: 0.2, Lambda: 1e-06
h(min):           4.419417e-03.
Error in state:   2.619151e+01.
Error in control: 1.600857e+00.
Results saved to ./DGnon-smooth/result_06_20/result.txt
Noise level: 0.5, Lambda: 1e-06
h(min):           4.419417e-03.
Error in state:   2.619186e+01.
Error in control: 1.578587e+00.
Results saved to ./DGnon-smooth/result_06_50/result.txt
Noise level: 0.01, Lambda: 1e-07
h(min):           4.419417e-03.
Error in state:   2.619142e+01.
Error in control: 1.599856e+00.
Results saved to ./DGnon-smooth/result_07_01/result.txt
Noise level: 0.1, Lambda: 1e-07
h(min):           4.419417e-03.
Error in state:   2.619144e+01.
Error in control: 1.600711e+00.
Results saved to ./DGnon-smooth/result_07_10/result.txt
Noise level: 0.2, Lambda: 1e-07
h(min):           4.419417e-03.
Error in state:   2.619151e+01.
Error in control: 1.600559e+00.
Results saved to ./DGnon-smooth/result_07_20/result.txt
Noise level: 0.5, Lambda: 1e-07
h(min):           4.419417e-03.
Error in state:   2.619188e+01.
Error in control: 1.573731e+00.
Results saved to ./DGnon-smooth/result_07_50/result.txt
Noise level: 0.01, Lambda: 1e-08
h(min):           4.419417e-03.
Error in state:   2.619142e+01.
Error in control: 1.599865e+00.
Results saved to ./DGnon-smooth/result_08_01/result.txt
Noise level: 0.1, Lambda: 1e-08
h(min):           4.419417e-03.
Error in state:   2.619144e+01.
Error in control: 1.599775e+00.
Results saved to ./DGnon-smooth/result_08_10/result.txt
Noise level: 0.2, Lambda: 1e-08
h(min):           4.419417e-03.
Error in state:   2.619151e+01.
Error in control: 1.600934e+00.
Results saved to ./DGnon-smooth/result_08_20/result.txt
Noise level: 0.5, Lambda: 1e-08
h(min):           4.419417e-03.
Error in state:   2.619195e+01.
Error in control: 1.549906e+00.
Results saved to ./DGnon-smooth/result_08_50/result.txt
Noise level: 0.01, Lambda: 1e-09
h(min):           4.419417e-03.
Error in state:   2.619142e+01.
Error in control: 1.599881e+00.
Results saved to ./DGnon-smooth/result_09_01/result.txt
Noise level: 0.1, Lambda: 1e-09
h(min):           4.419417e-03.
Error in state:   2.619144e+01.
Error in control: 1.600582e+00.
Results saved to ./DGnon-smooth/result_09_10/result.txt
Noise level: 0.2, Lambda: 1e-09
h(min):           4.419417e-03.
Error in state:   2.619151e+01.
Error in control: 1.600209e+00.
Results saved to ./DGnon-smooth/result_09_20/result.txt
Noise level: 0.5, Lambda: 1e-09
h(min):           4.419417e-03.
Error in state:   2.619205e+01.
Error in control: 1.556279e+00.
Results saved to ./DGnon-smooth/result_09_50/result.txt
Noise level: 0.01, Lambda: 0.0
h(min):           4.419417e-03.
Error in state:   2.619142e+01.
Error in control: 1.599880e+00.
Results saved to ./DGnon-smooth/result_00_01/result.txt
Noise level: 0.1, Lambda: 0.0
h(min):           4.419417e-03.
Error in state:   2.619144e+01.
Error in control: 1.600051e+00.
Results saved to ./DGnon-smooth/result_00_10/result.txt
Noise level: 0.2, Lambda: 0.0
h(min):           4.419417e-03.
Error in state:   2.619151e+01.
Error in control: 1.599189e+00.
Results saved to ./DGnon-smooth/result_00_20/result.txt
Noise level: 0.5, Lambda: 0.0
h(min):           4.419417e-03.
Error in state:   2.619190e+01.
Error in control: 1.585915e+00.
Results saved to ./DGnon-smooth/result_00_50/result.txt
---------------------------------------------
End at Tue Apr 15 13:51:33 CST 2025
