Directory is /home/songpengcheng/project/Tikhonov-PINNs/Dolfin-adjoint
This job runs on the following nodes: n0377
This job has allocated 2 cpu cores.
Problem: non-smooth
Time is Tue Apr 15 10:15:34 CST 2025
---------------------------------------------
Noise level: 0.01, Lambda: 1e-05
h(min):           4.419417e-03.
Error in state:   2.608555e-03.
Error in control: 1.283081e-01.
Results saved to ./non-smooth/result_05_01/result.txt
Noise level: 0.1, Lambda: 1e-05
h(min):           4.419417e-03.
Error in state:   2.823840e-03.
Error in control: 1.290618e-01.
Results saved to ./non-smooth/result_05_10/result.txt
Noise level: 0.2, Lambda: 1e-05
h(min):           4.419417e-03.
Error in state:   2.674747e-03.
Error in control: 1.274919e-01.
Results saved to ./non-smooth/result_05_20/result.txt
Noise level: 0.5, Lambda: 1e-05
h(min):           4.419417e-03.
Error in state:   5.224102e-03.
Error in control: 1.459215e-01.
Results saved to ./non-smooth/result_05_50/result.txt
Noise level: 0.01, Lambda: 1e-06
h(min):           4.419417e-03.
Error in state:   1.144460e-03.
Error in control: 8.772260e-02.
Results saved to ./non-smooth/result_06_01/result.txt
Noise level: 0.1, Lambda: 1e-06
h(min):           4.419417e-03.
Error in state:   1.301155e-03.
Error in control: 8.779718e-02.
Results saved to ./non-smooth/result_06_10/result.txt
Noise level: 0.2, Lambda: 1e-06
h(min):           4.419417e-03.
Error in state:   2.170967e-03.
Error in control: 9.775479e-02.
Results saved to ./non-smooth/result_06_20/result.txt
Noise level: 0.5, Lambda: 1e-06
h(min):           4.419417e-03.
Error in state:   7.145706e-03.
Error in control: 2.143903e-01.
Results saved to ./non-smooth/result_06_50/result.txt
Noise level: 0.01, Lambda: 1e-07
h(min):           4.419417e-03.
Error in state:   7.093144e-04.
Error in control: 7.399151e-02.
Results saved to ./non-smooth/result_07_01/result.txt
Noise level: 0.1, Lambda: 1e-07
h(min):           4.419417e-03.
Error in state:   1.449966e-03.
Error in control: 7.952540e-02.
Results saved to ./non-smooth/result_07_10/result.txt
Noise level: 0.2, Lambda: 1e-07
h(min):           4.419417e-03.
Error in state:   4.233561e-03.
Error in control: 2.219404e-01.
Results saved to ./non-smooth/result_07_20/result.txt
Noise level: 0.5, Lambda: 1e-07
h(min):           4.419417e-03.
Error in state:   7.903807e-03.
Error in control: 4.644796e-01.
Results saved to ./non-smooth/result_07_50/result.txt
Noise level: 0.01, Lambda: 1e-08
h(min):           4.419417e-03.
Error in state:   6.962037e-04.
Error in control: 7.369133e-02.
Results saved to ./non-smooth/result_08_01/result.txt
Noise level: 0.1, Lambda: 1e-08
h(min):           4.419417e-03.
Error in state:   1.189497e-03.
Error in control: 9.029783e-02.
Results saved to ./non-smooth/result_08_10/result.txt
Noise level: 0.2, Lambda: 1e-08
h(min):           4.419417e-03.
Error in state:   3.750149e-03.
Error in control: 2.136007e-01.
Results saved to ./non-smooth/result_08_20/result.txt
Noise level: 0.5, Lambda: 1e-08
h(min):           4.419417e-03.
Error in state:   7.640905e-03.
Error in control: 4.092448e-01.
Results saved to ./non-smooth/result_08_50/result.txt
Noise level: 0.01, Lambda: 1e-09
h(min):           4.419417e-03.
Error in state:   5.335765e-04.
Error in control: 6.433636e-02.
Results saved to ./non-smooth/result_09_01/result.txt
Noise level: 0.1, Lambda: 1e-09
h(min):           4.419417e-03.
Error in state:   1.304984e-03.
Error in control: 1.165955e-01.
Results saved to ./non-smooth/result_09_10/result.txt
Noise level: 0.2, Lambda: 1e-09
h(min):           4.419417e-03.
Error in state:   2.500601e-03.
Error in control: 1.519241e-01.
Results saved to ./non-smooth/result_09_20/result.txt
Noise level: 0.5, Lambda: 1e-09
h(min):           4.419417e-03.
Error in state:   1.268624e-02.
Error in control: 9.071371e-01.
Results saved to ./non-smooth/result_09_50/result.txt
Noise level: 0.01, Lambda: 0.0
h(min):           4.419417e-03.
Error in state:   6.417084e-04.
Error in control: 6.971584e-02.
Results saved to ./non-smooth/result_00_01/result.txt
Noise level: 0.1, Lambda: 0.0
h(min):           4.419417e-03.
Error in state:   2.360918e-03.
Error in control: 1.901767e-01.
Results saved to ./non-smooth/result_00_10/result.txt
Noise level: 0.2, Lambda: 0.0
h(min):           4.419417e-03.
Error in state:   4.156967e-03.
Error in control: 3.797947e-01.
Results saved to ./non-smooth/result_00_20/result.txt
Noise level: 0.5, Lambda: 0.0
h(min):           4.419417e-03.
Error in state:   8.408445e-03.
Error in control: 5.907911e-01.
Results saved to ./non-smooth/result_00_50/result.txt
---------------------------------------------
End at Tue Apr 15 11:58:10 CST 2025
